2024-08-22 10:08:24.022  INFO DESKTOP-IHQGBDV --- [           main] c.e.d.DockerJavaDemoApplication          : Starting DockerJavaDemoApplication on DESKTOP-IHQGBDV with PID 12572 (C:\Users\Kasun\Downloads\dockerJavaDemo\target\classes started by Kasun in C:\Users\Kasun\Downloads\dockerJavaDemo)
2024-08-22 10:08:24.038  INFO DESKTOP-IHQGBDV --- [           main] c.e.d.DockerJavaDemoApplication          : No active profile set, falling back to default profiles: default
2024-08-22 10:08:24.871  INFO DESKTOP-IHQGBDV --- [           main] .s.d.r.c.RepositoryConfigurationDelegate : Bootstrapping Spring Data repositories in DEFAULT mode.
2024-08-22 10:08:24.947  INFO DESKTOP-IHQGBDV --- [           main] .s.d.r.c.RepositoryConfigurationDelegate : Finished Spring Data repository scanning in 76ms. Found 1 repository interfaces.
2024-08-22 10:08:25.581  INFO DESKTOP-IHQGBDV --- [           main] trationDelegate$BeanPostProcessorChecker : Bean 'org.springframework.transaction.annotation.ProxyTransactionManagementConfiguration' of type [org.springframework.transaction.annotation.ProxyTransactionManagementConfiguration$$EnhancerBySpringCGLIB$$ce5bd85b] is not eligible for getting processed by all BeanPostProcessors (for example: not eligible for auto-proxying)
2024-08-22 10:08:26.174  INFO DESKTOP-IHQGBDV --- [           main] o.s.b.w.e.t.TomcatWebServer              : Tomcat initialized with port(s): 8080 (http)
2024-08-22 10:08:26.194  INFO DESKTOP-IHQGBDV --- [           main] o.a.c.h.Http11NioProtocol                : Initializing ProtocolHandler ["http-nio-8080"]
2024-08-22 10:08:26.217  INFO DESKTOP-IHQGBDV --- [           main] o.a.c.c.StandardService                  : Starting service [Tomcat]
2024-08-22 10:08:26.217  INFO DESKTOP-IHQGBDV --- [           main] o.a.c.c.StandardEngine                   : Starting Servlet engine: [Apache Tomcat/9.0.14]
2024-08-22 10:08:26.234  INFO DESKTOP-IHQGBDV --- [           main] o.a.c.c.AprLifecycleListener             : The APR based Apache Tomcat Native library which allows optimal performance in production environments was not found on the java.library.path: [C:\Program Files\Java\jdk-17\bin;C:\WINDOWS\Sun\Java\bin;C:\WINDOWS\system32;C:\WINDOWS;C:\Python311\Scripts\;C:\Python311\;C:\Program Files (x86)\Common Files\Oracle\Java\javapath;C:\WINDOWS\system32;C:\WINDOWS;C:\WINDOWS\System32\Wbem;C:\WINDOWS\System32\WindowsPowerShell\v1.0\;C:\WINDOWS\System32\OpenSSH\;C:\Program Files\Java\jdk1.8.0_271\bin;C:\opt\apache-maven-3.8.6\bin;C:\Program Files\Git\cmd;C:\Program Files\nodejs\;C:\ProgramData\chocolatey\bin;C:\Program Files\PuTTY\;C:\Program Files (x86)\Microsoft SQL Server\150\DTS\Binn\;C:\Program Files\Azure Data Studio\bin;C:\Program Files (x86)\Microsoft SQL Server\160\Tools\Binn\;C:\Program Files\Microsoft SQL Server\160\Tools\Binn\;C:\Program Files\Microsoft SQL Server\Client SDK\ODBC\170\Tools\Binn\;C:\Program Files\Microsoft SQL Server\160\DTS\Binn\;C:\Program Files (x86)\Microsoft SQL Server\160\DTS\Binn\;C:\Program Files\Microsoft SQL Server Migration Assistant for MySQL\bin\;C:\Program Files\Docker\Docker\resources\bin;C:\Program Files\PowerShell\7\;C:\Users\Kasun\AppData\Local\Microsoft\WindowsApps;C:\Program Files\JetBrains\IntelliJ IDEA Community Edition 2021.3.3\bin;;C:\Users\Kasun\AppData\Local\GitHubDesktop\bin;;C:\Users\Kasun\AppData\Local\Programs\Microsoft VS Code\bin;C:\Users\Kasun\AppData\Roaming\npm;C:\Program Files\Azure Data Studio\bin;.]
2024-08-22 10:08:26.394  INFO DESKTOP-IHQGBDV --- [           main] o.a.c.c.C.[.[.[/]                        : Initializing Spring embedded WebApplicationContext
2024-08-22 10:08:26.394  INFO DESKTOP-IHQGBDV --- [           main] o.s.w.c.ContextLoader                    : Root WebApplicationContext: initialization completed in 2269 ms
2024-08-22 10:08:26.702  INFO DESKTOP-IHQGBDV --- [           main] o.h.j.i.u.LogHelper                      : HHH000204: Processing PersistenceUnitInfo [
	name: default
	...]
2024-08-22 10:08:26.794  INFO DESKTOP-IHQGBDV --- [           main] o.h.Version                              : HHH000412: Hibernate Core {5.3.7.Final}
2024-08-22 10:08:26.794  INFO DESKTOP-IHQGBDV --- [           main] o.h.c.Environment                        : HHH000206: hibernate.properties not found
2024-08-22 10:08:26.946  INFO DESKTOP-IHQGBDV --- [           main] o.h.a.c.Version                          : HCANN000001: Hibernate Commons Annotations {5.0.4.Final}
2024-08-22 10:08:27.126  INFO DESKTOP-IHQGBDV --- [           main] c.z.h.HikariDataSource                   : HikariPool-1 - Starting...
2024-08-22 10:08:27.380  INFO DESKTOP-IHQGBDV --- [           main] c.z.h.HikariDataSource                   : HikariPool-1 - Start completed.
2024-08-22 10:08:27.419  INFO DESKTOP-IHQGBDV --- [           main] o.h.d.Dialect                            : HHH000400: Using dialect: org.hibernate.dialect.MySQLDialect
2024-08-22 10:08:28.223  INFO DESKTOP-IHQGBDV --- [           main] j.LocalContainerEntityManagerFactoryBean : Initialized JPA EntityManagerFactory for persistence unit 'default'
2024-08-22 10:08:28.928  INFO DESKTOP-IHQGBDV --- [           main] o.s.s.c.ThreadPoolTaskExecutor           : Initializing ExecutorService 'applicationTaskExecutor'
2024-08-22 10:08:28.988  WARN DESKTOP-IHQGBDV --- [           main] aWebConfiguration$JpaWebMvcConfiguration : spring.jpa.open-in-view is enabled by default. Therefore, database queries may be performed during view rendering. Explicitly configure spring.jpa.open-in-view to disable this warning
2024-08-22 10:08:29.280  INFO DESKTOP-IHQGBDV --- [           main] o.a.c.h.Http11NioProtocol                : Starting ProtocolHandler ["http-nio-8080"]
2024-08-22 10:08:29.310 ERROR DESKTOP-IHQGBDV --- [           main] o.a.c.u.LifecycleBase                    : Failed to start component [Connector[HTTP/1.1-8080]]
org.apache.catalina.LifecycleException: Protocol handler start failed
	at org.apache.catalina.connector.Connector.startInternal(Connector.java:1004)
	at org.apache.catalina.util.LifecycleBase.start(LifecycleBase.java:183)
	at org.apache.catalina.core.StandardService.addConnector(StandardService.java:226)
	at org.springframework.boot.web.embedded.tomcat.TomcatWebServer.addPreviouslyRemovedConnectors(TomcatWebServer.java:259)
	at org.springframework.boot.web.embedded.tomcat.TomcatWebServer.start(TomcatWebServer.java:197)
	at org.springframework.boot.web.servlet.context.ServletWebServerApplicationContext.startWebServer(ServletWebServerApplicationContext.java:311)
	at org.springframework.boot.web.servlet.context.ServletWebServerApplicationContext.finishRefresh(ServletWebServerApplicationContext.java:164)
	at org.springframework.context.support.AbstractApplicationContext.refresh(AbstractApplicationContext.java:549)
	at org.springframework.boot.web.servlet.context.ServletWebServerApplicationContext.refresh(ServletWebServerApplicationContext.java:142)
	at org.springframework.boot.SpringApplication.refresh(SpringApplication.java:775)
	at org.springframework.boot.SpringApplication.refreshContext(SpringApplication.java:397)
	at org.springframework.boot.SpringApplication.run(SpringApplication.java:316)
	at org.springframework.boot.SpringApplication.run(SpringApplication.java:1260)
	at org.springframework.boot.SpringApplication.run(SpringApplication.java:1248)
	at com.example.dockerJavaDemo.DockerJavaDemoApplication.main(DockerJavaDemoApplication.java:33)
Caused by: java.net.BindException: Address already in use: bind
	at java.base/sun.nio.ch.Net.bind0(Native Method)
	at java.base/sun.nio.ch.Net.bind(Net.java:555)
	at java.base/sun.nio.ch.ServerSocketChannelImpl.netBind(ServerSocketChannelImpl.java:337)
	at java.base/sun.nio.ch.ServerSocketChannelImpl.bind(ServerSocketChannelImpl.java:294)
	at java.base/sun.nio.ch.ServerSocketAdaptor.bind(ServerSocketAdaptor.java:89)
	at org.apache.tomcat.util.net.NioEndpoint.initServerSocket(NioEndpoint.java:236)
	at org.apache.tomcat.util.net.NioEndpoint.bind(NioEndpoint.java:210)
	at org.apache.tomcat.util.net.AbstractEndpoint.bindWithCleanup(AbstractEndpoint.java:1085)
	at org.apache.tomcat.util.net.AbstractEndpoint.start(AbstractEndpoint.java:1171)
	at org.apache.coyote.AbstractProtocol.start(AbstractProtocol.java:568)
	at org.apache.catalina.connector.Connector.startInternal(Connector.java:1001)
	... 14 more
2024-08-22 10:08:29.324  INFO DESKTOP-IHQGBDV --- [           main] o.a.c.h.Http11NioProtocol                : Pausing ProtocolHandler ["http-nio-8080"]
2024-08-22 10:08:29.325  INFO DESKTOP-IHQGBDV --- [           main] o.a.c.c.StandardService                  : Stopping service [Tomcat]
2024-08-22 10:08:29.328  INFO DESKTOP-IHQGBDV --- [           main] o.a.c.u.LifecycleBase                    : The stop() method was called on component [StandardServer[-1]] after stop() had already been called. The second call will be ignored.
2024-08-22 10:08:29.328  INFO DESKTOP-IHQGBDV --- [           main] o.a.c.h.Http11NioProtocol                : Stopping ProtocolHandler ["http-nio-8080"]
2024-08-22 10:08:29.336  INFO DESKTOP-IHQGBDV --- [           main] o.a.c.h.Http11NioProtocol                : Destroying ProtocolHandler ["http-nio-8080"]
2024-08-22 10:08:29.336  INFO DESKTOP-IHQGBDV --- [           main] ConditionEvaluationReportLoggingListener : 

Error starting ApplicationContext. To display the conditions report re-run your application with 'debug' enabled.
2024-08-22 10:08:29.336 ERROR DESKTOP-IHQGBDV --- [           main] o.s.b.d.LoggingFailureAnalysisReporter   : 

***************************
APPLICATION FAILED TO START
***************************

Description:

The Tomcat connector configured to listen on port 8080 failed to start. The port may already be in use or the connector may be misconfigured.

Action:

Verify the connector's configuration, identify and stop any process that's listening on port 8080, or configure this application to listen on another port.

2024-08-22 10:08:29.344  INFO DESKTOP-IHQGBDV --- [           main] o.s.s.c.ThreadPoolTaskExecutor           : Shutting down ExecutorService 'applicationTaskExecutor'
2024-08-22 10:08:29.344  INFO DESKTOP-IHQGBDV --- [           main] j.LocalContainerEntityManagerFactoryBean : Closing JPA EntityManagerFactory for persistence unit 'default'
2024-08-22 10:08:29.352  INFO DESKTOP-IHQGBDV --- [           main] c.z.h.HikariDataSource                   : HikariPool-1 - Shutdown initiated...
2024-08-22 10:08:29.360  INFO DESKTOP-IHQGBDV --- [           main] c.z.h.HikariDataSource                   : HikariPool-1 - Shutdown completed.
2024-08-22 10:09:47.329  INFO DESKTOP-IHQGBDV --- [           main] c.e.d.DockerJavaDemoApplication          : Starting DockerJavaDemoApplication on DESKTOP-IHQGBDV with PID 11552 (C:\Users\Kasun\Downloads\dockerJavaDemo\target\classes started by Kasun in C:\Users\Kasun\Downloads\dockerJavaDemo)
2024-08-22 10:09:47.354  INFO DESKTOP-IHQGBDV --- [           main] c.e.d.DockerJavaDemoApplication          : No active profile set, falling back to default profiles: default
2024-08-22 10:09:49.487  INFO DESKTOP-IHQGBDV --- [           main] .s.d.r.c.RepositoryConfigurationDelegate : Bootstrapping Spring Data repositories in DEFAULT mode.
2024-08-22 10:09:49.637  INFO DESKTOP-IHQGBDV --- [           main] .s.d.r.c.RepositoryConfigurationDelegate : Finished Spring Data repository scanning in 135ms. Found 1 repository interfaces.
2024-08-22 10:09:51.178  INFO DESKTOP-IHQGBDV --- [           main] trationDelegate$BeanPostProcessorChecker : Bean 'org.springframework.transaction.annotation.ProxyTransactionManagementConfiguration' of type [org.springframework.transaction.annotation.ProxyTransactionManagementConfiguration$$EnhancerBySpringCGLIB$$db0c1ff5] is not eligible for getting processed by all BeanPostProcessors (for example: not eligible for auto-proxying)
2024-08-22 10:09:52.774  INFO DESKTOP-IHQGBDV --- [           main] o.s.b.w.e.t.TomcatWebServer              : Tomcat initialized with port(s): 8083 (http)
2024-08-22 10:09:52.811  INFO DESKTOP-IHQGBDV --- [           main] o.a.c.h.Http11NioProtocol                : Initializing ProtocolHandler ["http-nio-8083"]
2024-08-22 10:09:52.849  INFO DESKTOP-IHQGBDV --- [           main] o.a.c.c.StandardService                  : Starting service [Tomcat]
2024-08-22 10:09:52.854  INFO DESKTOP-IHQGBDV --- [           main] o.a.c.c.StandardEngine                   : Starting Servlet engine: [Apache Tomcat/9.0.14]
2024-08-22 10:09:52.877  INFO DESKTOP-IHQGBDV --- [           main] o.a.c.c.AprLifecycleListener             : The APR based Apache Tomcat Native library which allows optimal performance in production environments was not found on the java.library.path: [C:\Program Files\Java\jdk-17\bin;C:\WINDOWS\Sun\Java\bin;C:\WINDOWS\system32;C:\WINDOWS;C:\Python311\Scripts\;C:\Python311\;C:\Program Files (x86)\Common Files\Oracle\Java\javapath;C:\WINDOWS\system32;C:\WINDOWS;C:\WINDOWS\System32\Wbem;C:\WINDOWS\System32\WindowsPowerShell\v1.0\;C:\WINDOWS\System32\OpenSSH\;C:\Program Files\Java\jdk1.8.0_271\bin;C:\opt\apache-maven-3.8.6\bin;C:\Program Files\Git\cmd;C:\Program Files\nodejs\;C:\ProgramData\chocolatey\bin;C:\Program Files\PuTTY\;C:\Program Files (x86)\Microsoft SQL Server\150\DTS\Binn\;C:\Program Files\Azure Data Studio\bin;C:\Program Files (x86)\Microsoft SQL Server\160\Tools\Binn\;C:\Program Files\Microsoft SQL Server\160\Tools\Binn\;C:\Program Files\Microsoft SQL Server\Client SDK\ODBC\170\Tools\Binn\;C:\Program Files\Microsoft SQL Server\160\DTS\Binn\;C:\Program Files (x86)\Microsoft SQL Server\160\DTS\Binn\;C:\Program Files\Microsoft SQL Server Migration Assistant for MySQL\bin\;C:\Program Files\Docker\Docker\resources\bin;C:\Program Files\PowerShell\7\;C:\Users\Kasun\AppData\Local\Microsoft\WindowsApps;C:\Program Files\JetBrains\IntelliJ IDEA Community Edition 2021.3.3\bin;;C:\Users\Kasun\AppData\Local\GitHubDesktop\bin;;C:\Users\Kasun\AppData\Local\Programs\Microsoft VS Code\bin;C:\Users\Kasun\AppData\Roaming\npm;C:\Program Files\Azure Data Studio\bin;.]
2024-08-22 10:09:53.167  INFO DESKTOP-IHQGBDV --- [           main] o.a.c.c.C.[.[.[/]                        : Initializing Spring embedded WebApplicationContext
2024-08-22 10:09:53.167  INFO DESKTOP-IHQGBDV --- [           main] o.s.w.c.ContextLoader                    : Root WebApplicationContext: initialization completed in 5611 ms
2024-08-22 10:09:53.851  INFO DESKTOP-IHQGBDV --- [           main] o.h.j.i.u.LogHelper                      : HHH000204: Processing PersistenceUnitInfo [
	name: default
	...]
2024-08-22 10:09:54.087  INFO DESKTOP-IHQGBDV --- [           main] o.h.Version                              : HHH000412: Hibernate Core {5.3.7.Final}
2024-08-22 10:09:54.087  INFO DESKTOP-IHQGBDV --- [           main] o.h.c.Environment                        : HHH000206: hibernate.properties not found
2024-08-22 10:09:54.475  INFO DESKTOP-IHQGBDV --- [           main] o.h.a.c.Version                          : HCANN000001: Hibernate Commons Annotations {5.0.4.Final}
2024-08-22 10:09:54.809  INFO DESKTOP-IHQGBDV --- [           main] c.z.h.HikariDataSource                   : HikariPool-1 - Starting...
2024-08-22 10:09:55.208  INFO DESKTOP-IHQGBDV --- [           main] c.z.h.HikariDataSource                   : HikariPool-1 - Start completed.
2024-08-22 10:09:55.298  INFO DESKTOP-IHQGBDV --- [           main] o.h.d.Dialect                            : HHH000400: Using dialect: org.hibernate.dialect.MySQLDialect
2024-08-22 10:09:57.059  INFO DESKTOP-IHQGBDV --- [           main] j.LocalContainerEntityManagerFactoryBean : Initialized JPA EntityManagerFactory for persistence unit 'default'
2024-08-22 10:09:58.860  INFO DESKTOP-IHQGBDV --- [           main] o.s.s.c.ThreadPoolTaskExecutor           : Initializing ExecutorService 'applicationTaskExecutor'
2024-08-22 10:09:59.097  WARN DESKTOP-IHQGBDV --- [           main] aWebConfiguration$JpaWebMvcConfiguration : spring.jpa.open-in-view is enabled by default. Therefore, database queries may be performed during view rendering. Explicitly configure spring.jpa.open-in-view to disable this warning
2024-08-22 10:09:59.995  INFO DESKTOP-IHQGBDV --- [           main] o.a.c.h.Http11NioProtocol                : Starting ProtocolHandler ["http-nio-8083"]
2024-08-22 10:10:00.220  INFO DESKTOP-IHQGBDV --- [           main] o.s.b.w.e.t.TomcatWebServer              : Tomcat started on port(s): 8083 (http) with context path ''
2024-08-22 10:10:00.228  INFO DESKTOP-IHQGBDV --- [           main] c.e.d.DockerJavaDemoApplication          : Started DockerJavaDemoApplication in 13.951 seconds (JVM running for 16.892)
2024-08-22 10:10:11.747  INFO DESKTOP-IHQGBDV --- [nio-8083-exec-3] o.a.c.c.C.[.[.[/]                        : Initializing Spring DispatcherServlet 'dispatcherServlet'
2024-08-22 10:10:11.747  INFO DESKTOP-IHQGBDV --- [nio-8083-exec-3] o.s.w.s.DispatcherServlet                : Initializing Servlet 'dispatcherServlet'
2024-08-22 10:10:11.763  INFO DESKTOP-IHQGBDV --- [nio-8083-exec-3] o.s.w.s.DispatcherServlet                : Completed initialization in 15 ms
2024-08-22 10:10:11.839  INFO DESKTOP-IHQGBDV --- [nio-8083-exec-3] c.e.d.DockerMessageController            : mattek 
2024-08-22 10:11:21.162  INFO DESKTOP-IHQGBDV --- [       Thread-2] o.s.s.c.ThreadPoolTaskExecutor           : Shutting down ExecutorService 'applicationTaskExecutor'
2024-08-22 10:11:21.162  INFO DESKTOP-IHQGBDV --- [       Thread-2] j.LocalContainerEntityManagerFactoryBean : Closing JPA EntityManagerFactory for persistence unit 'default'
2024-08-22 10:11:21.162  INFO DESKTOP-IHQGBDV --- [       Thread-2] c.z.h.HikariDataSource                   : HikariPool-1 - Shutdown initiated...
2024-08-22 10:11:21.172  INFO DESKTOP-IHQGBDV --- [       Thread-2] c.z.h.HikariDataSource                   : HikariPool-1 - Shutdown completed.
2024-08-22 10:11:26.423  INFO DESKTOP-IHQGBDV --- [           main] c.e.d.DockerJavaDemoApplication          : Starting DockerJavaDemoApplication on DESKTOP-IHQGBDV with PID 4564 (C:\Users\Kasun\Downloads\dockerJavaDemo\target\classes started by Kasun in C:\Users\Kasun\Downloads\dockerJavaDemo)
2024-08-22 10:11:26.435  INFO DESKTOP-IHQGBDV --- [           main] c.e.d.DockerJavaDemoApplication          : No active profile set, falling back to default profiles: default
2024-08-22 10:11:27.351  INFO DESKTOP-IHQGBDV --- [           main] .s.d.r.c.RepositoryConfigurationDelegate : Bootstrapping Spring Data repositories in DEFAULT mode.
2024-08-22 10:11:27.468  INFO DESKTOP-IHQGBDV --- [           main] .s.d.r.c.RepositoryConfigurationDelegate : Finished Spring Data repository scanning in 107ms. Found 1 repository interfaces.
2024-08-22 10:11:28.314  INFO DESKTOP-IHQGBDV --- [           main] trationDelegate$BeanPostProcessorChecker : Bean 'org.springframework.transaction.annotation.ProxyTransactionManagementConfiguration' of type [org.springframework.transaction.annotation.ProxyTransactionManagementConfiguration$$EnhancerBySpringCGLIB$$88e534db] is not eligible for getting processed by all BeanPostProcessors (for example: not eligible for auto-proxying)
2024-08-22 10:11:29.023  INFO DESKTOP-IHQGBDV --- [           main] o.s.b.w.e.t.TomcatWebServer              : Tomcat initialized with port(s): 8083 (http)
2024-08-22 10:11:29.048  INFO DESKTOP-IHQGBDV --- [           main] o.a.c.h.Http11NioProtocol                : Initializing ProtocolHandler ["http-nio-8083"]
2024-08-22 10:11:29.065  INFO DESKTOP-IHQGBDV --- [           main] o.a.c.c.StandardService                  : Starting service [Tomcat]
2024-08-22 10:11:29.065  INFO DESKTOP-IHQGBDV --- [           main] o.a.c.c.StandardEngine                   : Starting Servlet engine: [Apache Tomcat/9.0.14]
2024-08-22 10:11:29.082  INFO DESKTOP-IHQGBDV --- [           main] o.a.c.c.AprLifecycleListener             : The APR based Apache Tomcat Native library which allows optimal performance in production environments was not found on the java.library.path: [C:\Program Files\Java\jdk-17\bin;C:\WINDOWS\Sun\Java\bin;C:\WINDOWS\system32;C:\WINDOWS;C:\Python311\Scripts\;C:\Python311\;C:\Program Files (x86)\Common Files\Oracle\Java\javapath;C:\WINDOWS\system32;C:\WINDOWS;C:\WINDOWS\System32\Wbem;C:\WINDOWS\System32\WindowsPowerShell\v1.0\;C:\WINDOWS\System32\OpenSSH\;C:\Program Files\Java\jdk1.8.0_271\bin;C:\opt\apache-maven-3.8.6\bin;C:\Program Files\Git\cmd;C:\Program Files\nodejs\;C:\ProgramData\chocolatey\bin;C:\Program Files\PuTTY\;C:\Program Files (x86)\Microsoft SQL Server\150\DTS\Binn\;C:\Program Files\Azure Data Studio\bin;C:\Program Files (x86)\Microsoft SQL Server\160\Tools\Binn\;C:\Program Files\Microsoft SQL Server\160\Tools\Binn\;C:\Program Files\Microsoft SQL Server\Client SDK\ODBC\170\Tools\Binn\;C:\Program Files\Microsoft SQL Server\160\DTS\Binn\;C:\Program Files (x86)\Microsoft SQL Server\160\DTS\Binn\;C:\Program Files\Microsoft SQL Server Migration Assistant for MySQL\bin\;C:\Program Files\Docker\Docker\resources\bin;C:\Program Files\PowerShell\7\;C:\Users\Kasun\AppData\Local\Microsoft\WindowsApps;C:\Program Files\JetBrains\IntelliJ IDEA Community Edition 2021.3.3\bin;;C:\Users\Kasun\AppData\Local\GitHubDesktop\bin;;C:\Users\Kasun\AppData\Local\Programs\Microsoft VS Code\bin;C:\Users\Kasun\AppData\Roaming\npm;C:\Program Files\Azure Data Studio\bin;.]
2024-08-22 10:11:29.305  INFO DESKTOP-IHQGBDV --- [           main] o.a.c.c.C.[.[.[/test]                    : Initializing Spring embedded WebApplicationContext
2024-08-22 10:11:29.305  INFO DESKTOP-IHQGBDV --- [           main] o.s.w.c.ContextLoader                    : Root WebApplicationContext: initialization completed in 2762 ms
2024-08-22 10:11:29.680  INFO DESKTOP-IHQGBDV --- [           main] o.h.j.i.u.LogHelper                      : HHH000204: Processing PersistenceUnitInfo [
	name: default
	...]
2024-08-22 10:11:29.809  INFO DESKTOP-IHQGBDV --- [           main] o.h.Version                              : HHH000412: Hibernate Core {5.3.7.Final}
2024-08-22 10:11:29.809  INFO DESKTOP-IHQGBDV --- [           main] o.h.c.Environment                        : HHH000206: hibernate.properties not found
2024-08-22 10:11:30.075  INFO DESKTOP-IHQGBDV --- [           main] o.h.a.c.Version                          : HCANN000001: Hibernate Commons Annotations {5.0.4.Final}
2024-08-22 10:11:30.353  INFO DESKTOP-IHQGBDV --- [           main] c.z.h.HikariDataSource                   : HikariPool-1 - Starting...
2024-08-22 10:11:30.574  INFO DESKTOP-IHQGBDV --- [           main] c.z.h.HikariDataSource                   : HikariPool-1 - Start completed.
2024-08-22 10:11:30.621  INFO DESKTOP-IHQGBDV --- [           main] o.h.d.Dialect                            : HHH000400: Using dialect: org.hibernate.dialect.MySQLDialect
2024-08-22 10:11:31.590  INFO DESKTOP-IHQGBDV --- [           main] j.LocalContainerEntityManagerFactoryBean : Initialized JPA EntityManagerFactory for persistence unit 'default'
2024-08-22 10:11:32.298  INFO DESKTOP-IHQGBDV --- [           main] o.s.s.c.ThreadPoolTaskExecutor           : Initializing ExecutorService 'applicationTaskExecutor'
2024-08-22 10:11:32.371  WARN DESKTOP-IHQGBDV --- [           main] aWebConfiguration$JpaWebMvcConfiguration : spring.jpa.open-in-view is enabled by default. Therefore, database queries may be performed during view rendering. Explicitly configure spring.jpa.open-in-view to disable this warning
2024-08-22 10:11:32.700  INFO DESKTOP-IHQGBDV --- [           main] o.a.c.h.Http11NioProtocol                : Starting ProtocolHandler ["http-nio-8083"]
2024-08-22 10:11:32.788  INFO DESKTOP-IHQGBDV --- [           main] o.s.b.w.e.t.TomcatWebServer              : Tomcat started on port(s): 8083 (http) with context path '/test'
2024-08-22 10:11:32.798  INFO DESKTOP-IHQGBDV --- [           main] c.e.d.DockerJavaDemoApplication          : Started DockerJavaDemoApplication in 7.014 seconds (JVM running for 8.577)
2024-08-22 10:12:17.684  INFO DESKTOP-IHQGBDV --- [nio-8083-exec-2] o.a.c.c.C.[.[.[/test]                    : Initializing Spring DispatcherServlet 'dispatcherServlet'
2024-08-22 10:12:17.684  INFO DESKTOP-IHQGBDV --- [nio-8083-exec-2] o.s.w.s.DispatcherServlet                : Initializing Servlet 'dispatcherServlet'
2024-08-22 10:12:17.702  INFO DESKTOP-IHQGBDV --- [nio-8083-exec-2] o.s.w.s.DispatcherServlet                : Completed initialization in 18 ms
2024-08-22 10:12:17.757  INFO DESKTOP-IHQGBDV --- [nio-8083-exec-2] c.e.d.DockerMessageController            : mattek 
2024-08-22 10:12:20.716  INFO DESKTOP-IHQGBDV --- [       Thread-2] o.s.s.c.ThreadPoolTaskExecutor           : Shutting down ExecutorService 'applicationTaskExecutor'
2024-08-22 10:12:20.716  INFO DESKTOP-IHQGBDV --- [       Thread-2] j.LocalContainerEntityManagerFactoryBean : Closing JPA EntityManagerFactory for persistence unit 'default'
2024-08-22 10:12:20.716  INFO DESKTOP-IHQGBDV --- [       Thread-2] c.z.h.HikariDataSource                   : HikariPool-1 - Shutdown initiated...
2024-08-22 10:12:20.725  INFO DESKTOP-IHQGBDV --- [       Thread-2] c.z.h.HikariDataSource                   : HikariPool-1 - Shutdown completed.
2024-08-22 10:24:33.446  INFO DESKTOP-IHQGBDV --- [           main] c.e.d.DockerJavaDemoApplication          : Starting DockerJavaDemoApplication on DESKTOP-IHQGBDV with PID 15940 (C:\Users\Kasun\Downloads\dockerJavaDemo\target\classes started by Kasun in C:\Users\Kasun\Downloads\dockerJavaDemo)
2024-08-22 10:24:33.446  INFO DESKTOP-IHQGBDV --- [           main] c.e.d.DockerJavaDemoApplication          : No active profile set, falling back to default profiles: default
2024-08-22 10:24:34.281  INFO DESKTOP-IHQGBDV --- [           main] .s.d.r.c.RepositoryConfigurationDelegate : Bootstrapping Spring Data repositories in DEFAULT mode.
2024-08-22 10:24:34.380  INFO DESKTOP-IHQGBDV --- [           main] .s.d.r.c.RepositoryConfigurationDelegate : Finished Spring Data repository scanning in 99ms. Found 1 repository interfaces.
2024-08-22 10:24:35.106  INFO DESKTOP-IHQGBDV --- [           main] trationDelegate$BeanPostProcessorChecker : Bean 'org.springframework.transaction.annotation.ProxyTransactionManagementConfiguration' of type [org.springframework.transaction.annotation.ProxyTransactionManagementConfiguration$$EnhancerBySpringCGLIB$$bce2b21d] is not eligible for getting processed by all BeanPostProcessors (for example: not eligible for auto-proxying)
2024-08-22 10:24:35.716  INFO DESKTOP-IHQGBDV --- [           main] o.s.b.w.e.t.TomcatWebServer              : Tomcat initialized with port(s): 8083 (http)
2024-08-22 10:24:35.739  INFO DESKTOP-IHQGBDV --- [           main] o.a.c.h.Http11NioProtocol                : Initializing ProtocolHandler ["http-nio-8083"]
2024-08-22 10:24:35.756  INFO DESKTOP-IHQGBDV --- [           main] o.a.c.c.StandardService                  : Starting service [Tomcat]
2024-08-22 10:24:35.756  INFO DESKTOP-IHQGBDV --- [           main] o.a.c.c.StandardEngine                   : Starting Servlet engine: [Apache Tomcat/9.0.14]
2024-08-22 10:24:35.771  INFO DESKTOP-IHQGBDV --- [           main] o.a.c.c.AprLifecycleListener             : The APR based Apache Tomcat Native library which allows optimal performance in production environments was not found on the java.library.path: [C:\Program Files\Java\jdk-17\bin;C:\WINDOWS\Sun\Java\bin;C:\WINDOWS\system32;C:\WINDOWS;C:\Python311\Scripts\;C:\Python311\;C:\Program Files (x86)\Common Files\Oracle\Java\javapath;C:\WINDOWS\system32;C:\WINDOWS;C:\WINDOWS\System32\Wbem;C:\WINDOWS\System32\WindowsPowerShell\v1.0\;C:\WINDOWS\System32\OpenSSH\;C:\Program Files\Java\jdk1.8.0_271\bin;C:\opt\apache-maven-3.8.6\bin;C:\Program Files\Git\cmd;C:\Program Files\nodejs\;C:\ProgramData\chocolatey\bin;C:\Program Files\PuTTY\;C:\Program Files (x86)\Microsoft SQL Server\150\DTS\Binn\;C:\Program Files\Azure Data Studio\bin;C:\Program Files (x86)\Microsoft SQL Server\160\Tools\Binn\;C:\Program Files\Microsoft SQL Server\160\Tools\Binn\;C:\Program Files\Microsoft SQL Server\Client SDK\ODBC\170\Tools\Binn\;C:\Program Files\Microsoft SQL Server\160\DTS\Binn\;C:\Program Files (x86)\Microsoft SQL Server\160\DTS\Binn\;C:\Program Files\Microsoft SQL Server Migration Assistant for MySQL\bin\;C:\Program Files\Docker\Docker\resources\bin;C:\Program Files\PowerShell\7\;C:\Users\Kasun\AppData\Local\Microsoft\WindowsApps;C:\Program Files\JetBrains\IntelliJ IDEA Community Edition 2021.3.3\bin;;C:\Users\Kasun\AppData\Local\GitHubDesktop\bin;;C:\Users\Kasun\AppData\Local\Programs\Microsoft VS Code\bin;C:\Users\Kasun\AppData\Roaming\npm;C:\Program Files\Azure Data Studio\bin;.]
2024-08-22 10:24:35.948  INFO DESKTOP-IHQGBDV --- [           main] o.a.c.c.C.[.[.[/test]                    : Initializing Spring embedded WebApplicationContext
2024-08-22 10:24:35.948  INFO DESKTOP-IHQGBDV --- [           main] o.s.w.c.ContextLoader                    : Root WebApplicationContext: initialization completed in 2418 ms
2024-08-22 10:24:36.266  INFO DESKTOP-IHQGBDV --- [           main] o.h.j.i.u.LogHelper                      : HHH000204: Processing PersistenceUnitInfo [
	name: default
	...]
2024-08-22 10:24:36.349  INFO DESKTOP-IHQGBDV --- [           main] o.h.Version                              : HHH000412: Hibernate Core {5.3.7.Final}
2024-08-22 10:24:36.349  INFO DESKTOP-IHQGBDV --- [           main] o.h.c.Environment                        : HHH000206: hibernate.properties not found
2024-08-22 10:24:36.524  INFO DESKTOP-IHQGBDV --- [           main] o.h.a.c.Version                          : HCANN000001: Hibernate Commons Annotations {5.0.4.Final}
2024-08-22 10:24:36.732  INFO DESKTOP-IHQGBDV --- [           main] c.z.h.HikariDataSource                   : HikariPool-1 - Starting...
2024-08-22 10:24:36.924  INFO DESKTOP-IHQGBDV --- [           main] c.z.h.HikariDataSource                   : HikariPool-1 - Start completed.
2024-08-22 10:24:36.966  INFO DESKTOP-IHQGBDV --- [           main] o.h.d.Dialect                            : HHH000400: Using dialect: org.hibernate.dialect.MySQLDialect
2024-08-22 10:24:38.060  INFO DESKTOP-IHQGBDV --- [           main] j.LocalContainerEntityManagerFactoryBean : Initialized JPA EntityManagerFactory for persistence unit 'default'
2024-08-22 10:24:38.634  INFO DESKTOP-IHQGBDV --- [           main] o.s.s.c.ThreadPoolTaskExecutor           : Initializing ExecutorService 'applicationTaskExecutor'
2024-08-22 10:24:38.688  WARN DESKTOP-IHQGBDV --- [           main] aWebConfiguration$JpaWebMvcConfiguration : spring.jpa.open-in-view is enabled by default. Therefore, database queries may be performed during view rendering. Explicitly configure spring.jpa.open-in-view to disable this warning
2024-08-22 10:24:38.924  INFO DESKTOP-IHQGBDV --- [           main] o.a.c.h.Http11NioProtocol                : Starting ProtocolHandler ["http-nio-8083"]
2024-08-22 10:24:39.006  INFO DESKTOP-IHQGBDV --- [           main] o.s.b.w.e.t.TomcatWebServer              : Tomcat started on port(s): 8083 (http) with context path '/test'
2024-08-22 10:24:39.006  INFO DESKTOP-IHQGBDV --- [           main] c.e.d.DockerJavaDemoApplication          : Started DockerJavaDemoApplication in 5.983 seconds (JVM running for 7.227)
2024-08-22 10:24:42.523  INFO DESKTOP-IHQGBDV --- [nio-8083-exec-1] o.a.c.c.C.[.[.[/test]                    : Initializing Spring DispatcherServlet 'dispatcherServlet'
2024-08-22 10:24:42.523  INFO DESKTOP-IHQGBDV --- [nio-8083-exec-1] o.s.w.s.DispatcherServlet                : Initializing Servlet 'dispatcherServlet'
2024-08-22 10:24:42.533  INFO DESKTOP-IHQGBDV --- [nio-8083-exec-1] o.s.w.s.DispatcherServlet                : Completed initialization in 10 ms
2024-08-22 10:24:42.590  INFO DESKTOP-IHQGBDV --- [nio-8083-exec-1] c.e.d.DockerMessageController            : mattek 
2024-08-22 10:24:45.910  INFO DESKTOP-IHQGBDV --- [       Thread-2] o.s.s.c.ThreadPoolTaskExecutor           : Shutting down ExecutorService 'applicationTaskExecutor'
2024-08-22 10:24:45.910  INFO DESKTOP-IHQGBDV --- [       Thread-2] j.LocalContainerEntityManagerFactoryBean : Closing JPA EntityManagerFactory for persistence unit 'default'
2024-08-22 10:24:45.910  INFO DESKTOP-IHQGBDV --- [       Thread-2] c.z.h.HikariDataSource                   : HikariPool-1 - Shutdown initiated...
2024-08-22 10:24:45.910  INFO DESKTOP-IHQGBDV --- [       Thread-2] c.z.h.HikariDataSource                   : HikariPool-1 - Shutdown completed.
